<?xml version="1.0" encoding="UTF-8"?>
<testsuite xmlns:xsi="http://www.w3.org/2001/XMLSchema-instance" xsi:noNamespaceSchemaLocation="https://maven.apache.org/surefire/maven-surefire-plugin/xsd/surefire-test-report.xsd" version="3.0.2" name="io.cassio.chat.PolymorphicChatApplicationTests" time="4.049" tests="1" errors="0" skipped="0" failures="0">
  <properties>
[...]
</properties>
  <testcase name="contextLoads" classname="io.cassio.chat.PolymorphicChatApplicationTests" time="0.414">
    <system-out><![CDATA[14:11:40.773 [main] INFO org.springframework.test.context.support.AnnotationConfigContextLoaderUtils -- Could not detect default configuration classes for test class [io.cassio.chat.PolymorphicChatApplicationTests]: PolymorphicChatApplicationTests does not declare any static, non-private, non-final, nested classes annotated with @Configuration.
14:11:40.846 [main] INFO org.springframework.boot.test.context.SpringBootTestContextBootstrapper -- Found @SpringBootConfiguration io.cassio.chat.PolymorphicChatApplication for test class io.cassio.chat.PolymorphicChatApplicationTests
14:11:40.939 [main] INFO org.springframework.boot.devtools.restart.RestartApplicationListener -- Restart disabled due to context in which it is running

  .   ____          _            __ _ _
 /\\ / ___'_ __ _ _(_)_ __  __ _ \ \ \ \
( ( )\___ | '_ | '_| | '_ \/ _` | \ \ \ \
 \\/  ___)| |_)| | | | | || (_| |  ) ) ) )
  '  |____| .__|_| |_|_| |_\__, | / / / /
 =========|_|==============|___/=/_/_/_/

 :: Spring Boot ::                (v4.0.2)

2026-01-25T14:11:41.137-03:00  INFO 13094 --- [Polymorphic Chat] [           main] i.c.c.PolymorphicChatApplicationTests    : Starting PolymorphicChatApplicationTests using Java 21 with PID 13094 (started by cassio in /home/cassio/git/polymorphic-chat-backend)
2026-01-25T14:11:41.138-03:00  INFO 13094 --- [Polymorphic Chat] [           main] i.c.c.PolymorphicChatApplicationTests    : No active profile set, falling back to 1 default profile: "default"
2026-01-25T14:11:41.506-03:00  INFO 13094 --- [Polymorphic Chat] [           main] .s.d.r.c.RepositoryConfigurationDelegate : Multiple Spring Data modules found, entering strict repository configuration mode
2026-01-25T14:11:41.507-03:00  INFO 13094 --- [Polymorphic Chat] [           main] .s.d.r.c.RepositoryConfigurationDelegate : Bootstrapping Spring Data Reactive MongoDB repositories in DEFAULT mode.
2026-01-25T14:11:41.518-03:00  INFO 13094 --- [Polymorphic Chat] [           main] .s.d.r.c.RepositoryConfigurationDelegate : Finished Spring Data repository scanning in 7 ms. Found 0 Reactive MongoDB repository interfaces.
2026-01-25T14:11:41.523-03:00  INFO 13094 --- [Polymorphic Chat] [           main] .s.d.r.c.RepositoryConfigurationDelegate : Multiple Spring Data modules found, entering strict repository configuration mode
2026-01-25T14:11:41.523-03:00  INFO 13094 --- [Polymorphic Chat] [           main] .s.d.r.c.RepositoryConfigurationDelegate : Bootstrapping Spring Data MongoDB repositories in DEFAULT mode.
2026-01-25T14:11:41.526-03:00  INFO 13094 --- [Polymorphic Chat] [           main] .s.d.r.c.RepositoryConfigurationDelegate : Finished Spring Data repository scanning in 1 ms. Found 0 MongoDB repository interfaces.
2026-01-25T14:11:41.546-03:00  INFO 13094 --- [Polymorphic Chat] [           main] .s.d.r.c.RepositoryConfigurationDelegate : Multiple Spring Data modules found, entering strict repository configuration mode
2026-01-25T14:11:41.547-03:00  INFO 13094 --- [Polymorphic Chat] [           main] .s.d.r.c.RepositoryConfigurationDelegate : Bootstrapping Spring Data Redis repositories in DEFAULT mode.
2026-01-25T14:11:41.553-03:00  INFO 13094 --- [Polymorphic Chat] [           main] .s.d.r.c.RepositoryConfigurationDelegate : Finished Spring Data repository scanning in 1 ms. Found 0 Redis repository interfaces.
2026-01-25T14:11:41.678-03:00  INFO 13094 --- [Polymorphic Chat] [           main] org.testcontainers.images.PullPolicy     : Image pull policy will be performed by: DefaultPullPolicy()
2026-01-25T14:11:41.680-03:00  INFO 13094 --- [Polymorphic Chat] [           main] o.t.utility.ImageNameSubstitutor         : Image name substitution will be performed by: DefaultImageNameSubstitutor (composite of 'ConfigurationFileImageNameSubstitutor' and 'PrefixingImageNameSubstitutor')
2026-01-25T14:11:41.694-03:00  INFO 13094 --- [Polymorphic Chat] [           main] org.testcontainers.DockerClientFactory   : Testcontainers version: 2.0.3
2026-01-25T14:11:41.808-03:00  INFO 13094 --- [Polymorphic Chat] [           main] o.t.d.DockerClientProviderStrategy       : Loaded org.testcontainers.dockerclient.UnixSocketClientProviderStrategy from ~/.testcontainers.properties, will try it first
2026-01-25T14:11:42.110-03:00  INFO 13094 --- [Polymorphic Chat] [           main] o.t.d.DockerClientProviderStrategy       : Found Docker environment with local Unix socket (unix:///var/run/docker.sock)
2026-01-25T14:11:42.111-03:00  INFO 13094 --- [Polymorphic Chat] [           main] org.testcontainers.DockerClientFactory   : Docker host IP address is localhost
2026-01-25T14:11:42.125-03:00  INFO 13094 --- [Polymorphic Chat] [           main] org.testcontainers.DockerClientFactory   : Connected to docker: 
  Server Version: 29.1.5
  API Version: 1.52
  Operating System: Ubuntu 24.04.3 LTS
  Total Memory: 15290 MB
2026-01-25T14:11:42.166-03:00  INFO 13094 --- [Polymorphic Chat] [           main] tc.testcontainers/ryuk:0.13.0            : Creating container for image: testcontainers/ryuk:0.13.0
2026-01-25T14:11:42.170-03:00  INFO 13094 --- [Polymorphic Chat] [           main] o.t.utility.RegistryAuthLocator          : Failure when attempting to lookup auth config. Please ignore if you don't have images in an authenticated registry. Details: (dockerImageName: testcontainers/ryuk:0.13.0, configFile: /home/cassio/.docker/config.json, configEnv: DOCKER_AUTH_CONFIG). Falling back to docker-java default behaviour. Exception message: Status 404: No config supplied. Checked in order: /home/cassio/.docker/config.json (file not found), DOCKER_AUTH_CONFIG (not set)
2026-01-25T14:11:42.290-03:00  INFO 13094 --- [Polymorphic Chat] [           main] tc.testcontainers/ryuk:0.13.0            : Container testcontainers/ryuk:0.13.0 is starting: dce4939bba80c4d5fc66395880fc8541bb95a53126489fde2db89f4b7c1eb7d2
2026-01-25T14:11:42.547-03:00  INFO 13094 --- [Polymorphic Chat] [           main] tc.testcontainers/ryuk:0.13.0            : Container testcontainers/ryuk:0.13.0 started in PT0.380839032S
2026-01-25T14:11:42.551-03:00  INFO 13094 --- [Polymorphic Chat] [           main] o.t.utility.RyukResourceReaper           : Ryuk started - will monitor and terminate Testcontainers containers on JVM exit
2026-01-25T14:11:42.551-03:00  INFO 13094 --- [Polymorphic Chat] [           main] org.testcontainers.DockerClientFactory   : Checking the system...
2026-01-25T14:11:42.551-03:00  INFO 13094 --- [Polymorphic Chat] [           main] org.testcontainers.DockerClientFactory   : ✔︎ Docker server version should be at least 1.6.0
2026-01-25T14:11:42.552-03:00  INFO 13094 --- [Polymorphic Chat] [           main] tc.redis:latest                          : Creating container for image: redis:latest
2026-01-25T14:11:42.619-03:00  INFO 13094 --- [Polymorphic Chat] [           main] tc.redis:latest                          : Container redis:latest is starting: 5f3678b56f90373383e88477a2a7b4246838a5415e7cb1a50969aa9ead845ae2
2026-01-25T14:11:42.853-03:00  INFO 13094 --- [Polymorphic Chat] [           main] tc.redis:latest                          : Container redis:latest started in PT0.300546945S
2026-01-25T14:11:42.853-03:00  INFO 13094 --- [Polymorphic Chat] [           main] tc.mongo:latest                          : Creating container for image: mongo:latest
2026-01-25T14:11:42.927-03:00  INFO 13094 --- [Polymorphic Chat] [           main] tc.mongo:latest                          : Container mongo:latest is starting: 8111484faf2149590882930c06194a516238a4d0d434d9302d39d085786d7fe7
2026-01-25T14:11:43.473-03:00  INFO 13094 --- [Polymorphic Chat] [           main] tc.mongo:latest                          : Container mongo:latest started in PT0.619861928S
2026-01-25T14:11:43.659-03:00  INFO 13094 --- [Polymorphic Chat] [           main] ctiveUserDetailsServiceAutoConfiguration : 

Using generated security password: 90622ccf-fe5b-4735-bc80-69177c4fa494

2026-01-25T14:11:43.898-03:00  INFO 13094 --- [Polymorphic Chat] [           main] org.mongodb.driver.client                : MongoClient with metadata {"driver": {"name": "mongo-java-driver|spring-boot|sync", "version": "5.6.2"}, "os": {"type": "Linux", "name": "Linux", "architecture": "amd64", "version": "6.14.0-37-generic"}, "platform": "Java/Eclipse Adoptium/21+35-LTS"} created with settings MongoClientSettings{readPreference=primary, writeConcern=WriteConcern{w=null, wTimeout=null ms, journal=null}, retryWrites=true, retryReads=true, readConcern=ReadConcern{level=null}, credential=null, transportSettings=NettyTransportSettings{eventLoopGroup=io.netty.channel.MultiThreadIoEventLoopGroup@8c3b634, socketChannelClass=null, allocator=null, sslContext=null}, commandListeners=[], codecRegistry=ProvidersCodecRegistry{codecProviders=[ValueCodecProvider{}, BsonValueCodecProvider{}, DBRefCodecProvider{}, DBObjectCodecProvider{}, DocumentCodecProvider{}, CollectionCodecProvider{}, IterableCodecProvider{}, MapCodecProvider{}, GeoJsonCodecProvider{}, GridFSFileCodecProvider{}, Jsr310CodecProvider{}, JsonObjectCodecProvider{}, BsonCodecProvider{}, com.mongodb.client.model.mql.ExpressionCodecProvider@65259737, com.mongodb.Jep395RecordCodecProvider@1e27bb89, com.mongodb.KotlinCodecProvider@6108fd23, EnumCodecProvider{}]}, loggerSettings=LoggerSettings{maxDocumentLength=1000}, clusterSettings={hosts=[localhost:32773], srvServiceName=mongodb, mode=SINGLE, requiredClusterType=UNKNOWN, requiredReplicaSetName='null', serverSelector='null', clusterListeners='[]', serverSelectionTimeout='30000 ms', localThreshold='15 ms'}, socketSettings=SocketSettings{connectTimeoutMS=10000, readTimeoutMS=0, receiveBufferSize=0, proxySettings=ProxySettings{host=null, port=null, username=null, password=null}}, heartbeatSocketSettings=SocketSettings{connectTimeoutMS=10000, readTimeoutMS=10000, receiveBufferSize=0, proxySettings=ProxySettings{host=null, port=null, username=null, password=null}}, connectionPoolSettings=ConnectionPoolSettings{maxSize=100, minSize=0, maxWaitTimeMS=120000, maxConnectionLifeTimeMS=0, maxConnectionIdleTimeMS=0, maintenanceInitialDelayMS=0, maintenanceFrequencyMS=60000, connectionPoolListeners=[], maxConnecting=2}, serverSettings=ServerSettings{heartbeatFrequencyMS=10000, minHeartbeatFrequencyMS=500, serverMonitoringMode=AUTO, serverListeners='[]', serverMonitorListeners='[]'}, sslSettings=SslSettings{enabled=false, invalidHostNameAllowed=false, context=null}, applicationName='null', compressorList=[], uuidRepresentation=UNSPECIFIED, serverApi=null, autoEncryptionSettings=null, dnsClient=null, inetAddressResolver=null, contextProvider=null, timeoutMS=null}
2026-01-25T14:11:43.956-03:00  INFO 13094 --- [Polymorphic Chat] [localhost:32773] org.mongodb.driver.cluster               : Monitor thread successfully connected to server with description ServerDescription{address=localhost:32773, type=STANDALONE, cryptd=false, state=CONNECTED, ok=true, minWireVersion=0, maxWireVersion=27, maxDocumentSize=16777216, logicalSessionTimeoutMinutes=30, roundTripTimeNanos=32426628, minRoundTripTimeNanos=0}
2026-01-25T14:11:44.054-03:00  INFO 13094 --- [Polymorphic Chat] [localhost:32773] org.mongodb.driver.cluster               : Monitor thread successfully connected to server with description ServerDescription{address=localhost:32773, type=STANDALONE, cryptd=false, state=CONNECTED, ok=true, minWireVersion=0, maxWireVersion=27, maxDocumentSize=16777216, logicalSessionTimeoutMinutes=30, roundTripTimeNanos=2542732, minRoundTripTimeNanos=0}
2026-01-25T14:11:44.055-03:00  INFO 13094 --- [Polymorphic Chat] [           main] org.mongodb.driver.client                : MongoClient with metadata {"driver": {"name": "mongo-java-driver|spring-boot|reactive-streams", "version": "5.6.2"}, "os": {"type": "Linux", "name": "Linux", "architecture": "amd64", "version": "6.14.0-37-generic"}, "platform": "Java/Eclipse Adoptium/21+35-LTS"} created with settings MongoClientSettings{readPreference=primary, writeConcern=WriteConcern{w=null, wTimeout=null ms, journal=null}, retryWrites=true, retryReads=true, readConcern=ReadConcern{level=null}, credential=null, transportSettings=NettyTransportSettings{eventLoopGroup=io.netty.channel.MultiThreadIoEventLoopGroup@14b4ce6f, socketChannelClass=null, allocator=null, sslContext=null}, commandListeners=[], codecRegistry=ProvidersCodecRegistry{codecProviders=[ValueCodecProvider{}, BsonValueCodecProvider{}, DBRefCodecProvider{}, DBObjectCodecProvider{}, DocumentCodecProvider{}, CollectionCodecProvider{}, IterableCodecProvider{}, MapCodecProvider{}, GeoJsonCodecProvider{}, GridFSFileCodecProvider{}, Jsr310CodecProvider{}, JsonObjectCodecProvider{}, BsonCodecProvider{}, com.mongodb.client.model.mql.ExpressionCodecProvider@65259737, com.mongodb.Jep395RecordCodecProvider@1e27bb89, com.mongodb.KotlinCodecProvider@6108fd23, EnumCodecProvider{}]}, loggerSettings=LoggerSettings{maxDocumentLength=1000}, clusterSettings={hosts=[localhost:32773], srvServiceName=mongodb, mode=SINGLE, requiredClusterType=UNKNOWN, requiredReplicaSetName='null', serverSelector='null', clusterListeners='[]', serverSelectionTimeout='30000 ms', localThreshold='15 ms'}, socketSettings=SocketSettings{connectTimeoutMS=10000, readTimeoutMS=0, receiveBufferSize=0, proxySettings=ProxySettings{host=null, port=null, username=null, password=null}}, heartbeatSocketSettings=SocketSettings{connectTimeoutMS=10000, readTimeoutMS=10000, receiveBufferSize=0, proxySettings=ProxySettings{host=null, port=null, username=null, password=null}}, connectionPoolSettings=ConnectionPoolSettings{maxSize=100, minSize=0, maxWaitTimeMS=120000, maxConnectionLifeTimeMS=0, maxConnectionIdleTimeMS=0, maintenanceInitialDelayMS=0, maintenanceFrequencyMS=60000, connectionPoolListeners=[], maxConnecting=2}, serverSettings=ServerSettings{heartbeatFrequencyMS=10000, minHeartbeatFrequencyMS=500, serverMonitoringMode=AUTO, serverListeners='[]', serverMonitorListeners='[]'}, sslSettings=SslSettings{enabled=false, invalidHostNameAllowed=false, context=null}, applicationName='null', compressorList=[], uuidRepresentation=UNSPECIFIED, serverApi=null, autoEncryptionSettings=null, dnsClient=null, inetAddressResolver=null, contextProvider=null, timeoutMS=null}
2026-01-25T14:11:44.281-03:00  INFO 13094 --- [Polymorphic Chat] [           main] i.c.c.PolymorphicChatApplicationTests    : Started PolymorphicChatApplicationTests in 3.349 seconds (process running for 4.054)
]]></system-out>
    <system-err><![CDATA[Mockito is currently self-attaching to enable the inline-mock-maker. This will no longer work in future releases of the JDK. Please add Mockito as an agent to your build as described in Mockito's documentation: https://javadoc.io/doc/org.mockito/mockito-core/latest/org.mockito/org/mockito/Mockito.html#0.3
WARNING: A Java agent has been loaded dynamically (/home/cassio/.m2/repository/net/bytebuddy/byte-buddy-agent/1.17.8/byte-buddy-agent-1.17.8.jar)
WARNING: If a serviceability tool is in use, please run with -XX:+EnableDynamicAgentLoading to hide this warning
WARNING: If a serviceability tool is not in use, please run with -Djdk.instrument.traceUsage for more information
WARNING: Dynamic loading of agents will be disallowed by default in a future release
]]></system-err>
  </testcase>
</testsuite>